Final total force   =        0.010770 Ry/bohr
!    total energy              =     -90.40329173 Ry
     freq (    1) =      -0.454614 [THz] =     -15.164301 [cm-1]
     freq (    2) =      -0.403195 [THz] =     -13.449134 [cm-1]
     freq (    3) =       0.415085 [THz] =      13.845732 [cm-1]
     freq (    4) =       2.126132 [THz] =      70.920144 [cm-1]
     freq (    5) =       2.502875 [THz] =      83.486925 [cm-1]
     freq (    6) =       3.204665 [THz] =     106.896104 [cm-1]
     freq (    7) =       3.721994 [THz] =     124.152372 [cm-1]
     freq (    8) =       4.285358 [THz] =     142.944160 [cm-1]
     freq (    9) =       4.342623 [THz] =     144.854304 [cm-1]
     freq (   10) =       6.021423 [THz] =     200.853065 [cm-1]
     freq (   11) =       7.242310 [THz] =     241.577452 [cm-1]
     freq (   12) =       9.020078 [THz] =     300.877400 [cm-1]
     freq (   13) =       9.530966 [THz] =     317.918818 [cm-1]
     freq (   14) =       9.646584 [THz] =     321.775392 [cm-1]
     freq (   15) =      10.950525 [THz] =     365.270190 [cm-1]
     freq (   16) =      11.091884 [THz] =     369.985428 [cm-1]
     freq (   17) =      11.102098 [THz] =     370.326130 [cm-1]
     freq (   18) =      11.468607 [THz] =     382.551547 [cm-1]
     freq (   19) =      12.082553 [THz] =     403.030591 [cm-1]
     freq (   20) =      12.792838 [THz] =     426.723143 [cm-1]
     freq (   21) =      13.807123 [THz] =     460.556041 [cm-1]
     freq (   22) =      13.830689 [THz] =     461.342114 [cm-1]
     freq (   23) =      15.148947 [THz] =     505.314481 [cm-1]
     freq (   24) =      15.507066 [THz] =     517.260049 [cm-1]
