Final total force   =        2.95e-03 Ry/bohr
!    total energy              =     -90.40387245 Ry
     freq (    1) =      -0.103717 [THz] =      -3.459612 [cm-1]
     freq (    2) =       0.369080 [THz] =      12.311183 [cm-1]
     freq (    3) =       0.632429 [THz] =      21.095564 [cm-1]
     freq (    4) =       2.257095 [THz] =      75.288600 [cm-1]
     freq (    5) =       2.599640 [THz] =      86.714653 [cm-1]
     freq (    6) =       3.277589 [THz] =     109.328599 [cm-1]
     freq (    7) =       3.679351 [THz] =     122.729953 [cm-1]
     freq (    8) =       4.436559 [THz] =     147.987678 [cm-1]
     freq (    9) =       4.444283 [THz] =     148.245322 [cm-1]
     freq (   10) =       6.059075 [THz] =     202.108971 [cm-1]
     freq (   11) =       7.249265 [THz] =     241.809455 [cm-1]
     freq (   12) =       9.115135 [THz] =     304.048181 [cm-1]
     freq (   13) =       9.559847 [THz] =     318.882182 [cm-1]
     freq (   14) =       9.785729 [THz] =     326.416776 [cm-1]
     freq (   15) =      11.039364 [THz] =     368.233553 [cm-1]
     freq (   16) =      11.049677 [THz] =     368.577541 [cm-1]
     freq (   17) =      11.163894 [THz] =     372.387434 [cm-1]
     freq (   18) =      11.462418 [THz] =     382.345096 [cm-1]
     freq (   19) =      11.922356 [THz] =     397.687002 [cm-1]
     freq (   20) =      12.896840 [THz] =     430.192274 [cm-1]
     freq (   21) =      13.768624 [THz] =     459.271862 [cm-1]
     freq (   22) =      13.794889 [THz] =     460.147973 [cm-1]
     freq (   23) =      15.117618 [THz] =     504.269451 [cm-1]
     freq (   24) =      15.480581 [THz] =     516.376590 [cm-1]
