Final total force   =        6.45e-04 Ry/bohr
!    total energy              =     -90.40389516 Ry
     freq (    1) =       0.186120 [THz] =       6.208300 [cm-1]
     freq (    2) =       0.387028 [THz] =      12.909853 [cm-1]
     freq (    3) =       0.591184 [THz] =      19.719772 [cm-1]
     freq (    4) =       2.277743 [THz] =      75.977321 [cm-1]
     freq (    5) =       2.597316 [THz] =      86.637120 [cm-1]
     freq (    6) =       3.287006 [THz] =     109.642717 [cm-1]
     freq (    7) =       3.664134 [THz] =     122.222357 [cm-1]
     freq (    8) =       4.459692 [THz] =     148.759323 [cm-1]
     freq (    9) =       4.464840 [THz] =     148.931025 [cm-1]
     freq (   10) =       6.059472 [THz] =     202.122214 [cm-1]
     freq (   11) =       7.247660 [THz] =     241.755929 [cm-1]
     freq (   12) =       9.135940 [THz] =     304.742154 [cm-1]
     freq (   13) =       9.558778 [THz] =     318.846514 [cm-1]
     freq (   14) =       9.818234 [THz] =     327.501030 [cm-1]
     freq (   15) =      11.015174 [THz] =     367.426644 [cm-1]
     freq (   16) =      11.059508 [THz] =     368.905475 [cm-1]
     freq (   17) =      11.173850 [THz] =     372.719516 [cm-1]
     freq (   18) =      11.468905 [THz] =     382.561480 [cm-1]
     freq (   19) =      11.889292 [THz] =     396.584109 [cm-1]
     freq (   20) =      12.913866 [THz] =     430.760205 [cm-1]
     freq (   21) =      13.749813 [THz] =     458.644390 [cm-1]
     freq (   22) =      13.793863 [THz] =     460.113751 [cm-1]
     freq (   23) =      15.110233 [THz] =     504.023113 [cm-1]
     freq (   24) =      15.473949 [THz] =     516.155385 [cm-1]
