Final total force   =        8.50e-05 Ry/bohr
!    total energy              =     -90.40389538 Ry
     freq (    1) =       0.185265 [THz] =       6.179772 [cm-1]
     freq (    2) =       0.381506 [THz] =      12.725684 [cm-1]
     freq (    3) =       0.622225 [THz] =      20.755188 [cm-1]
     freq (    4) =       2.282753 [THz] =      76.144444 [cm-1]
     freq (    5) =       2.597903 [THz] =      86.656716 [cm-1]
     freq (    6) =       3.287579 [THz] =     109.661817 [cm-1]
     freq (    7) =       3.664560 [THz] =     122.236579 [cm-1]
     freq (    8) =       4.460223 [THz] =     148.777025 [cm-1]
     freq (    9) =       4.465049 [THz] =     148.938013 [cm-1]
     freq (   10) =       6.059210 [THz] =     202.113491 [cm-1]
     freq (   11) =       7.248028 [THz] =     241.768187 [cm-1]
     freq (   12) =       9.135329 [THz] =     304.721768 [cm-1]
     freq (   13) =       9.559023 [THz] =     318.854674 [cm-1]
     freq (   14) =       9.818582 [THz] =     327.512658 [cm-1]
     freq (   15) =      11.015162 [THz] =     367.426250 [cm-1]
     freq (   16) =      11.059922 [THz] =     368.919289 [cm-1]
     freq (   17) =      11.173968 [THz] =     372.723448 [cm-1]
     freq (   18) =      11.469301 [THz] =     382.574706 [cm-1]
     freq (   19) =      11.889559 [THz] =     396.593007 [cm-1]
     freq (   20) =      12.913486 [THz] =     430.747525 [cm-1]
     freq (   21) =      13.749595 [THz] =     458.637115 [cm-1]
     freq (   22) =      13.793544 [THz] =     460.103112 [cm-1]
     freq (   23) =      15.110104 [THz] =     504.018821 [cm-1]
     freq (   24) =      15.473769 [THz] =     516.149373 [cm-1]
