Final total force   =        7.70e-05 Ry/bohr
!    total energy              =     -90.40389540 Ry
     freq (    1) =       0.184041 [THz] =       6.138948 [cm-1]
     freq (    2) =       0.452452 [THz] =      15.092180 [cm-1]
     freq (    3) =       0.602498 [THz] =      20.097177 [cm-1]
     freq (    4) =       2.283739 [THz] =      76.177348 [cm-1]
     freq (    5) =       2.600509 [THz] =      86.743646 [cm-1]
     freq (    6) =       3.290096 [THz] =     109.745796 [cm-1]
     freq (    7) =       3.666503 [THz] =     122.301385 [cm-1]
     freq (    8) =       4.462963 [THz] =     148.868427 [cm-1]
     freq (    9) =       4.467871 [THz] =     149.032135 [cm-1]
     freq (   10) =       6.060148 [THz] =     202.144779 [cm-1]
     freq (   11) =       7.248181 [THz] =     241.773298 [cm-1]
     freq (   12) =       9.135388 [THz] =     304.723758 [cm-1]
     freq (   13) =       9.560701 [THz] =     318.910646 [cm-1]
     freq (   14) =       9.820579 [THz] =     327.579244 [cm-1]
     freq (   15) =      11.016916 [THz] =     367.484776 [cm-1]
     freq (   16) =      11.058354 [THz] =     368.866991 [cm-1]
     freq (   17) =      11.175887 [THz] =     372.787451 [cm-1]
     freq (   18) =      11.469353 [THz] =     382.576448 [cm-1]
     freq (   19) =      11.887907 [THz] =     396.537902 [cm-1]
     freq (   20) =      12.913337 [THz] =     430.742566 [cm-1]
     freq (   21) =      13.749642 [THz] =     458.638696 [cm-1]
     freq (   22) =      13.795004 [THz] =     460.151802 [cm-1]
     freq (   23) =      15.109361 [THz] =     503.994046 [cm-1]
     freq (   24) =      15.474633 [THz] =     516.178187 [cm-1]
