Final total force   =        7.20e-05 Ry/bohr
!    total energy              =     -90.40389543 Ry
     freq (    1) =       0.184993 [THz] =       6.170697 [cm-1]
     freq (    2) =       0.386718 [THz] =      12.899538 [cm-1]
     freq (    3) =       0.631174 [THz] =      21.053687 [cm-1]
     freq (    4) =       2.286560 [THz] =      76.271436 [cm-1]
     freq (    5) =       2.597848 [THz] =      86.654895 [cm-1]
     freq (    6) =       3.288021 [THz] =     109.676569 [cm-1]
     freq (    7) =       3.664253 [THz] =     122.226311 [cm-1]
     freq (    8) =       4.460035 [THz] =     148.770755 [cm-1]
     freq (    9) =       4.465892 [THz] =     148.966133 [cm-1]
     freq (   10) =       6.059315 [THz] =     202.116994 [cm-1]
     freq (   11) =       7.247751 [THz] =     241.758943 [cm-1]
     freq (   12) =       9.134702 [THz] =     304.700854 [cm-1]
     freq (   13) =       9.559136 [THz] =     318.858465 [cm-1]
     freq (   14) =       9.818873 [THz] =     327.522333 [cm-1]
     freq (   15) =      11.015734 [THz] =     367.445324 [cm-1]
     freq (   16) =      11.059789 [THz] =     368.914859 [cm-1]
     freq (   17) =      11.174035 [THz] =     372.725693 [cm-1]
     freq (   18) =      11.469116 [THz] =     382.568513 [cm-1]
     freq (   19) =      11.889088 [THz] =     396.577304 [cm-1]
     freq (   20) =      12.913695 [THz] =     430.754499 [cm-1]
     freq (   21) =      13.749182 [THz] =     458.623348 [cm-1]
     freq (   22) =      13.793863 [THz] =     460.113749 [cm-1]
     freq (   23) =      15.109696 [THz] =     504.005220 [cm-1]
     freq (   24) =      15.473497 [THz] =     516.140317 [cm-1]
