Final total force   =        6.90e-05 Ry/bohr
!    total energy              =     -90.40389544 Ry
     freq (    1) =       0.176101 [THz] =       5.874104 [cm-1]
     freq (    2) =       0.381249 [THz] =      12.717106 [cm-1]
     freq (    3) =       0.651827 [THz] =      21.742614 [cm-1]
     freq (    4) =       2.284337 [THz] =      76.197290 [cm-1]
     freq (    5) =       2.595255 [THz] =      86.568376 [cm-1]
     freq (    6) =       3.287606 [THz] =     109.662722 [cm-1]
     freq (    7) =       3.664137 [THz] =     122.222465 [cm-1]
     freq (    8) =       4.460881 [THz] =     148.798962 [cm-1]
     freq (    9) =       4.466230 [THz] =     148.977390 [cm-1]
     freq (   10) =       6.059230 [THz] =     202.114145 [cm-1]
     freq (   11) =       7.248572 [THz] =     241.786338 [cm-1]
     freq (   12) =       9.133684 [THz] =     304.666901 [cm-1]
     freq (   13) =       9.559198 [THz] =     318.860517 [cm-1]
     freq (   14) =       9.819272 [THz] =     327.535655 [cm-1]
     freq (   15) =      11.015178 [THz] =     367.426778 [cm-1]
     freq (   16) =      11.058476 [THz] =     368.871066 [cm-1]
     freq (   17) =      11.175203 [THz] =     372.764646 [cm-1]
     freq (   18) =      11.468356 [THz] =     382.543183 [cm-1]
     freq (   19) =      11.888913 [THz] =     396.571450 [cm-1]
     freq (   20) =      12.913341 [THz] =     430.742694 [cm-1]
     freq (   21) =      13.747943 [THz] =     458.582023 [cm-1]
     freq (   22) =      13.794117 [THz] =     460.122210 [cm-1]
     freq (   23) =      15.109011 [THz] =     503.982347 [cm-1]
     freq (   24) =      15.474573 [THz] =     516.176194 [cm-1]
