
     celldm(1)=   9.059927  celldm(2)=   0.000000  celldm(3)=   0.000000
     celldm(4)=   0.000000  celldm(5)=   0.000000  celldm(6)=   0.000000

   Cartesian axes

     site n.     atom                  positions (alat units)
         1           Si  tau(    1) = (   0.0000000   0.0000000   0.0000000  )
         2           Si  tau(    2) = (   0.5000000   0.5000000   0.2500000  )
         3           Si  tau(    3) = (   0.0000000   0.5000000   0.1250000  )
         4           Si  tau(    4) = (   0.5000000   0.0000000   0.3750000  )
         5           Si  tau(    5) = (   0.0000000   0.0000000   0.5000000  )
         6           Si  tau(    6) = (   0.5000000   0.5000000   0.7500000  )
         7           Si  tau(    7) = (   0.0000000   0.5000000   0.6250000  )
         8           Si  tau(    8) = (   0.5000000   0.0000000   0.8750000  )
         9           Si  tau(    9) = (   1.0000000   0.0000000   0.0000000  )
        10           Si  tau(   10) = (   1.5000000   0.5000000   0.2500000  )
        11           Si  tau(   11) = (   1.0000000   0.5000000   0.1250000  )
        12           Si  tau(   12) = (   1.5000000   0.0000000   0.3750000  )
        13           Si  tau(   13) = (   1.0000000   0.0000000   0.5000000  )
        14           Si  tau(   14) = (   1.5000000   0.5000000   0.7500000  )
        15           Si  tau(   15) = (   1.0000000   0.5000000   0.6250000  )
        16           Si  tau(   16) = (   1.5000000   0.0000000   0.8750000  )
        17           Si  tau(   17) = (   -1.0000000   0.0000000   0.0000000  )
        18           Si  tau(   18) = (   -0.5000000   0.5000000   0.2500000  )
        19           Si  tau(   19) = (   -1.0000000   0.5000000   0.1250000  )
        20           Si  tau(   20) = (   -0.5000000   0.0000000   0.3750000  )
        21           Si  tau(   21) = (   -1.0000000   0.0000000   0.5000000  )
        22           Si  tau(   22) = (   -0.5000000   0.5000000   0.7500000  )
        23           Si  tau(   23) = (   -1.0000000   0.5000000   0.6250000  )
        24           Si  tau(   24) = (   -0.5000000   0.0000000   0.8750000  )
        25           Si  tau(   25) = (   0.0000000   1.0000000   0.0000000  )
        26           Si  tau(   26) = (   0.5000000   1.5000000   0.2500000  )
        27           Si  tau(   27) = (   0.0000000   1.5000000   0.1250000  )
        28           Si  tau(   28) = (   0.5000000   1.0000000   0.3750000  )
        29           Si  tau(   29) = (   0.0000000   1.0000000   0.5000000  )
        30           Si  tau(   30) = (   0.5000000   1.5000000   0.7500000  )
        31           Si  tau(   31) = (   0.0000000   1.5000000   0.6250000  )
        32           Si  tau(   32) = (   0.5000000   1.0000000   0.8750000  )
        33           Si  tau(   33) = (   0.0000000   -1.0000000   0.0000000  )
        34           Si  tau(   34) = (   0.5000000   -0.5000000   0.2500000  )
        35           Si  tau(   35) = (   0.0000000   -0.5000000   0.1250000  )
        36           Si  tau(   36) = (   0.5000000   -1.0000000   0.3750000  )
        37           Si  tau(   37) = (   0.0000000   -1.0000000   0.5000000  )
        38           Si  tau(   38) = (   0.5000000   -0.5000000   0.7500000  )
        39           Si  tau(   39) = (   0.0000000   -0.5000000   0.6250000  )
        40           Si  tau(   40) = (   0.5000000   -1.0000000   0.8750000  )
        41           Si  tau(   41) = (   1.0000000   1.0000000   0.0000000  )
        42           Si  tau(   42) = (   1.5000000   1.5000000   0.2500000  )
        43           Si  tau(   43) = (   1.0000000   1.5000000   0.1250000  )
        44           Si  tau(   44) = (   1.5000000   1.0000000   0.3750000  )
        45           Si  tau(   45) = (   1.0000000   1.0000000   0.5000000  )
        46           Si  tau(   46) = (   1.5000000   1.5000000   0.7500000  )
        47           Si  tau(   47) = (   1.0000000   1.5000000   0.6250000  )
        48           Si  tau(   48) = (   1.5000000   1.0000000   0.8750000  )
        49           Si  tau(   49) = (   1.0000000   -1.0000000   0.0000000  )
        50           Si  tau(   50) = (   1.5000000   -0.5000000   0.2500000  )
        51           Si  tau(   51) = (   1.0000000   -0.5000000   0.1250000  )
        52           Si  tau(   52) = (   1.5000000   -1.0000000   0.3750000  )
        53           Si  tau(   53) = (   1.0000000   -1.0000000   0.5000000  )
        54           Si  tau(   54) = (   1.5000000   -0.5000000   0.7500000  )
        55           Si  tau(   55) = (   1.0000000   -0.5000000   0.6250000  )
        56           Si  tau(   56) = (   1.5000000   -1.0000000   0.8750000  )
        57           Si  tau(   57) = (   -1.0000000   1.0000000   0.0000000  )
        58           Si  tau(   58) = (   -0.5000000   1.5000000   0.2500000  )
        59           Si  tau(   59) = (   -1.0000000   1.5000000   0.1250000  )
        60           Si  tau(   60) = (   -0.5000000   1.0000000   0.3750000  )
        61           Si  tau(   61) = (   -1.0000000   1.0000000   0.5000000  )
        62           Si  tau(   62) = (   -0.5000000   1.5000000   0.7500000  )
        63           Si  tau(   63) = (   -1.0000000   1.5000000   0.6250000  )
        64           Si  tau(   64) = (   -0.5000000   1.0000000   0.8750000  )
        65           Si  tau(   65) = (   -1.0000000   -1.0000000   0.0000000  )
        66           Si  tau(   66) = (   -0.5000000   -0.5000000   0.2500000  )
        67           Si  tau(   67) = (   -1.0000000   -0.5000000   0.1250000  )
        68           Si  tau(   68) = (   -0.5000000   -1.0000000   0.3750000  )
        69           Si  tau(   69) = (   -1.0000000   -1.0000000   0.5000000  )
        70           Si  tau(   70) = (   -0.5000000   -0.5000000   0.7500000  )
        71           Si  tau(   71) = (   -1.0000000   -0.5000000   0.6250000  )
        72           Si  tau(   72) = (   -0.5000000   -1.0000000   0.8750000  )